<?xml version="1.0" encoding="utf-8"?><testsuites name="pytest tests"><testsuite name="pytest" errors="0" failures="0" skipped="0" tests="11" time="2.036" timestamp="2026-03-02T22:19:29.975226+00:00" hostname="agent-env-28bf20fb-45e9-42f1-a231-9952aa1492a0"><testcase classname="backend.tests.test_admin_and_blog.TestAdminAuth" name="test_admin_login_success" time="0.219" /><testcase classname="backend.tests.test_admin_and_blog.TestAdminAuth" name="test_admin_login_wrong_password" time="0.119" /><testcase classname="backend.tests.test_admin_and_blog.TestAdminStats" name="test_admin_stats_returns_all_fields" time="0.253" /><testcase classname="backend.tests.test_admin_and_blog.TestAdminStats" name="test_admin_stats_unauthorized" time="0.147" /><testcase classname="backend.tests.test_admin_and_blog.TestAdminBookings" name="test_admin_get_bookings" time="0.216" /><testcase classname="backend.tests.test_admin_and_blog.TestAdminVouchers" name="test_admin_get_vouchers" time="0.250" /><testcase classname="backend.tests.test_admin_and_blog.TestAdminCoupons" name="test_admin_get_coupons" time="0.226" /><testcase classname="backend.tests.test_admin_and_blog.TestBlogEndpoints" name="test_get_blog_posts_list" time="0.110" /><testcase classname="backend.tests.test_admin_and_blog.TestBlogEndpoints" name="test_get_blog_post_by_slug" time="0.109" /><testcase classname="backend.tests.test_admin_and_blog.TestBlogEndpoints" name="test_get_nonexistent_blog_post" time="0.119" /><testcase classname="backend.tests.test_admin_and_blog.TestAdminBlog" name="test_admin_get_blog_posts" time="0.209" /></testsuite></testsuites>