<?xml version="1.0" encoding="utf-8"?><testsuites name="pytest tests"><testsuite name="pytest" errors="0" failures="1" skipped="0" tests="19" time="3.172" timestamp="2026-03-02T22:53:00.103964+00:00" hostname="agent-env-28bf20fb-45e9-42f1-a231-9952aa1492a0"><testcase classname="tests.test_full_az.TestHealthCheck" name="test_api_root" time="0.177" /><testcase classname="tests.test_full_az.TestAdminAuthentication" name="test_admin_login_wrong_password_returns_401" time="0.121" /><testcase classname="tests.test_full_az.TestAdminAuthentication" name="test_admin_login_success" time="0.143" /><testcase classname="tests.test_full_az.TestAdminAuthentication" name="test_admin_stats_with_invalid_token_returns_401" time="0.162" /><testcase classname="tests.test_full_az.TestAdminAuthentication" name="test_admin_stats_without_token_returns_401" time="0.155" /><testcase classname="tests.test_full_az.TestAdminAuthentication" name="test_admin_stats_with_valid_token" time="0.272" /><testcase classname="tests.test_full_az.TestVoucherSystem" name="test_create_voucher_without_code_auto_generates" time="0.232" /><testcase classname="tests.test_full_az.TestVoucherSystem" name="test_create_voucher_with_fixed_amount" time="0.224" /><testcase classname="tests.test_full_az.TestVoucherSystem" name="test_get_voucher_returns_is_valid" time="0.341"><failure message="assert 500 == 200&#10; +  where 500 = &lt;Response [500]&gt;.status_code">tests/test_full_az.py:169: in test_get_voucher_returns_is_valid
    assert response.status_code == 200
E   assert 500 == 200
E    +  where 500 = &lt;Response [500]&gt;.status_code</failure></testcase><testcase classname="tests.test_full_az.TestCouponSystem" name="test_create_coupon" time="0.204" /><testcase classname="tests.test_full_az.TestPricingCalculation" name="test_calculate_lawn_mowing_price" time="0.164" /><testcase classname="tests.test_full_az.TestPricingCalculation" name="test_calculate_package_price" time="0.108" /><testcase classname="tests.test_full_az.TestBlogPosts" name="test_get_blog_posts" time="0.095" /><testcase classname="tests.test_full_az.TestGalleryProjects" name="test_get_gallery_projects" time="0.118" /><testcase classname="tests.test_full_az.TestAdminEndpointsAuth" name="test_admin_bookings_invalid_token_returns_401" time="0.112" /><testcase classname="tests.test_full_az.TestAdminEndpointsAuth" name="test_admin_vouchers_invalid_token_returns_401" time="0.123" /><testcase classname="tests.test_full_az.TestAdminEndpointsAuth" name="test_admin_coupons_invalid_token_returns_401" time="0.117" /><testcase classname="tests.test_full_az.TestAdminEndpointsAuth" name="test_admin_gallery_invalid_token_returns_401" time="0.112" /><testcase classname="tests.test_full_az.TestAdminEndpointsAuth" name="test_admin_blog_invalid_token_returns_401" time="0.097" /></testsuite></testsuites>