<?xml version="1.0" encoding="utf-8"?><testsuites name="pytest tests"><testsuite name="pytest" errors="0" failures="0" skipped="0" tests="12" time="2.061" timestamp="2026-04-09T13:13:13.755505+00:00" hostname="agent-env-28bf20fb-45e9-42f1-a231-9952aa1492a0"><testcase classname="backend.tests.test_admin_contact_gallery.TestAdminContactMessages" name="test_01_admin_login_works" time="0.274" /><testcase classname="backend.tests.test_admin_contact_gallery.TestAdminContactMessages" name="test_02_get_contact_messages" time="0.111" /><testcase classname="backend.tests.test_admin_contact_gallery.TestAdminContactMessages" name="test_03_get_contact_messages_requires_auth" time="0.110" /><testcase classname="backend.tests.test_admin_contact_gallery.TestAdminContactMessages" name="test_04_update_contact_status_to_read" time="0.269" /><testcase classname="backend.tests.test_admin_contact_gallery.TestAdminContactMessages" name="test_05_update_contact_status_to_archived" time="0.227" /><testcase classname="backend.tests.test_admin_contact_gallery.TestAdminContactMessages" name="test_06_update_contact_status_requires_auth" time="0.122" /><testcase classname="backend.tests.test_admin_contact_gallery.TestAdminContactMessages" name="test_07_delete_contact_message_requires_auth" time="0.151" /><testcase classname="backend.tests.test_admin_contact_gallery.TestAdminContactMessages" name="test_08_delete_nonexistent_message" time="0.119" /><testcase classname="backend.tests.test_admin_contact_gallery.TestAdminGalleryUpload" name="test_01_gallery_upload_requires_auth" time="0.137" /><testcase classname="backend.tests.test_admin_contact_gallery.TestAdminGalleryUpload" name="test_02_gallery_upload_with_valid_image" time="0.212" /><testcase classname="backend.tests.test_admin_contact_gallery.TestAdminGalleryUpload" name="test_03_gallery_upload_rejects_invalid_file_type" time="0.142" /><testcase classname="backend.tests.test_admin_contact_gallery.TestAdminStats" name="test_admin_stats_endpoint" time="0.123" /></testsuite></testsuites>