<?xml version="1.0" encoding="utf-8"?><testsuites name="pytest tests"><testsuite name="pytest" errors="0" failures="0" skipped="0" tests="11" time="4.067" timestamp="2026-03-31T11:07:20.778287+00:00" hostname="agent-env-28bf20fb-45e9-42f1-a231-9952aa1492a0"><testcase classname="backend.tests.test_security_audit.TestSecuritySEC001VouchersAuth" name="test_post_vouchers_without_token_returns_401" time="0.270" /><testcase classname="backend.tests.test_security_audit.TestSecuritySEC001VouchersAuth" name="test_get_vouchers_without_token_returns_401" time="0.095" /><testcase classname="backend.tests.test_security_audit.TestSecuritySEC001VouchersAuth" name="test_delete_vouchers_without_token_returns_401" time="0.098" /><testcase classname="backend.tests.test_security_audit.TestSecuritySEC002GoogleDisconnectAuth" name="test_google_disconnect_without_token_returns_401" time="0.101" /><testcase classname="backend.tests.test_security_audit.TestSecuritySEC006AdminSession" name="test_admin_login_returns_token" time="0.121" /><testcase classname="backend.tests.test_security_audit.TestSecuritySEC006AdminSession" name="test_get_vouchers_with_valid_token_returns_list" time="0.216" /><testcase classname="backend.tests.test_security_audit.TestFUNC003CouponUsedOnBooking" name="test_coupon_marked_as_used_after_booking" time="1.254" /><testcase classname="backend.tests.test_security_audit.TestPERF002PaginatedBookings" name="test_admin_bookings_returns_paginated_format" time="0.206" /><testcase classname="backend.tests.test_security_audit.TestFUNC004CustomOrderService" name="test_booking_with_custom_order_service_succeeds" time="0.775" /><testcase classname="backend.tests.test_security_audit.TestPydanticValidation" name="test_booking_with_invalid_service_returns_422" time="0.103" /><testcase classname="backend.tests.test_security_audit.TestStandardBookingFlow" name="test_standard_booking_with_lawn_mowing" time="0.763" /></testsuite></testsuites>