<?xml version="1.0" encoding="utf-8"?><testsuites name="pytest tests"><testsuite name="pytest" errors="0" failures="2" skipped="0" tests="37" time="9.949" timestamp="2026-03-02T23:06:56.762005+00:00" hostname="agent-env-28bf20fb-45e9-42f1-a231-9952aa1492a0"><testcase classname="backend.tests.test_security_and_functionality.TestAdminSecurity" name="test_admin_stats_without_token_returns_401" time="0.266" /><testcase classname="backend.tests.test_security_and_functionality.TestAdminSecurity" name="test_admin_bookings_with_fake_token_returns_401" time="0.129" /><testcase classname="backend.tests.test_security_and_functionality.TestAdminSecurity" name="test_admin_coupons_with_empty_token_returns_401" time="0.153" /><testcase classname="backend.tests.test_security_and_functionality.TestAdminSecurity" name="test_admin_vouchers_without_token_returns_401" time="0.158" /><testcase classname="backend.tests.test_security_and_functionality.TestAdminSecurity" name="test_admin_gallery_without_token_returns_401" time="0.140" /><testcase classname="backend.tests.test_security_and_functionality.TestAdminSecurity" name="test_admin_blog_without_token_returns_401" time="0.159" /><testcase classname="backend.tests.test_security_and_functionality.TestLoginSecurity" name="test_sql_injection_attempt_returns_401" time="0.147" /><testcase classname="backend.tests.test_security_and_functionality.TestLoginSecurity" name="test_brute_force_all_return_401" time="0.369" /><testcase classname="backend.tests.test_security_and_functionality.TestLoginSecurity" name="test_correct_password_returns_200_with_token" time="0.108" /><testcase classname="backend.tests.test_security_and_functionality.TestInputValidation" name="test_voucher_missing_required_fields_returns_422" time="0.168" /><testcase classname="backend.tests.test_security_and_functionality.TestInputValidation" name="test_booking_missing_customer_name_returns_422" time="0.113" /><testcase classname="backend.tests.test_security_and_functionality.TestInputValidation" name="test_booking_invalid_email_format_handled" time="0.114" /><testcase classname="backend.tests.test_security_and_functionality.TestInputValidation" name="test_admin_blog_invalid_patch_body_returns_error" time="0.181" /><testcase classname="backend.tests.test_security_and_functionality.TestXSSSanitization" name="test_xss_in_booking_notes_stored_safely" time="0.832" /><testcase classname="backend.tests.test_security_and_functionality.TestBookingFlow" name="test_pricing_calculate_lawn_mowing_100m2" time="0.103" /><testcase classname="backend.tests.test_security_and_functionality.TestBookingFlow" name="test_pricing_calculate_garden_work_3_hours" time="0.108" /><testcase classname="backend.tests.test_security_and_functionality.TestBookingFlow" name="test_create_booking_full_fields_returns_id" time="0.607" /><testcase classname="backend.tests.test_security_and_functionality.TestBookingFlow" name="test_create_booking_with_coupon_code_stores_it" time="0.600" /><testcase classname="backend.tests.test_security_and_functionality.TestBookingFlow" name="test_admin_get_bookings_shows_new_booking" time="0.157" /><testcase classname="backend.tests.test_security_and_functionality.TestBookingFlow" name="test_admin_update_booking_status_to_confirmed" time="0.898" /><testcase classname="backend.tests.test_security_and_functionality.TestEmailAndNewsletter" name="test_newsletter_subscribe_adds_subscriber" time="0.417" /><testcase classname="backend.tests.test_security_and_functionality.TestCouponSystem" name="test_admin_create_coupon_auto_generated_code" time="0.166" /><testcase classname="backend.tests.test_security_and_functionality.TestCouponSystem" name="test_coupon_validate_valid_code_returns_discount" time="0.248" /><testcase classname="backend.tests.test_security_and_functionality.TestCouponSystem" name="test_coupon_validate_invalid_code_returns_404" time="0.109" /><testcase classname="backend.tests.test_security_and_functionality.TestVoucherSystem" name="test_create_voucher_percentage_type" time="0.168" /><testcase classname="backend.tests.test_security_and_functionality.TestVoucherSystem" name="test_create_voucher_fixed_amount_type" time="0.161" /><testcase classname="backend.tests.test_security_and_functionality.TestVoucherSystem" name="test_get_voucher_returns_is_valid_and_display_discount" time="0.260"><failure message="assert 500 == 200&#10; +  where 500 = &lt;Response [500]&gt;.status_code">backend/tests/test_security_and_functionality.py:501: in test_get_voucher_returns_is_valid_and_display_discount
    assert response.status_code == 200
E   assert 500 == 200
E    +  where 500 = &lt;Response [500]&gt;.status_code</failure></testcase><testcase classname="backend.tests.test_security_and_functionality.TestVoucherSystem" name="test_claim_voucher_returns_redirect_url" time="0.210"><failure message="assert 500 == 200&#10; +  where 500 = &lt;Response [500]&gt;.status_code">backend/tests/test_security_and_functionality.py:528: in test_claim_voucher_returns_redirect_url
    assert response.status_code == 200
E   assert 500 == 200
E    +  where 500 = &lt;Response [500]&gt;.status_code</failure></testcase><testcase classname="backend.tests.test_security_and_functionality.TestVoucherSystem" name="test_redeem_voucher_marks_as_used" time="0.219" /><testcase classname="backend.tests.test_security_and_functionality.TestVoucherSystem" name="test_get_nonexistent_voucher_returns_404" time="0.122" /><testcase classname="backend.tests.test_security_and_functionality.TestPayment" name="test_create_deposit_returns_stripe_checkout_url" time="0.793" /><testcase classname="backend.tests.test_security_and_functionality.TestPayment" name="test_get_deposit_status_returns_status" time="0.760" /><testcase classname="backend.tests.test_security_and_functionality.TestGalleryAndBlog" name="test_gallery_projects_returns_array" time="0.104" /><testcase classname="backend.tests.test_security_and_functionality.TestGalleryAndBlog" name="test_blog_posts_returns_array" time="0.140" /><testcase classname="backend.tests.test_security_and_functionality.TestGalleryAndBlog" name="test_blog_post_by_slug_returns_post" time="0.105" /><testcase classname="backend.tests.test_security_and_functionality.TestGalleryAndBlog" name="test_blog_nonexistent_slug_returns_404" time="0.127" /><testcase classname="backend.tests.test_security_and_functionality.TestAdminStatsUpdates" name="test_admin_stats_shows_counts_after_operations" time="0.161" /></testsuite></testsuites>