<?xml version="1.0" encoding="utf-8"?><testsuites name="pytest tests"><testsuite name="pytest" errors="0" failures="0" skipped="0" tests="10" time="2.685" timestamp="2026-03-02T22:39:53.569879+00:00" hostname="agent-env-28bf20fb-45e9-42f1-a231-9952aa1492a0"><testcase classname="tests.test_fixed_voucher_and_gallery.TestFixedAmountVoucher" name="test_create_fixed_amount_voucher" time="0.244" /><testcase classname="tests.test_fixed_voucher_and_gallery.TestFixedAmountVoucher" name="test_get_fixed_amount_voucher_display_discount" time="0.328" /><testcase classname="tests.test_fixed_voucher_and_gallery.TestFixedAmountVoucher" name="test_claim_fixed_amount_voucher" time="0.212" /><testcase classname="tests.test_fixed_voucher_and_gallery.TestGalleryManagement" name="test_create_gallery_project" time="0.206" /><testcase classname="tests.test_fixed_voucher_and_gallery.TestGalleryManagement" name="test_list_admin_gallery_projects" time="0.220" /><testcase classname="tests.test_fixed_voucher_and_gallery.TestGalleryManagement" name="test_list_public_gallery_projects" time="0.207" /><testcase classname="tests.test_fixed_voucher_and_gallery.TestGalleryManagement" name="test_update_gallery_project" time="0.357" /><testcase classname="tests.test_fixed_voucher_and_gallery.TestGalleryManagement" name="test_delete_gallery_project" time="0.522" /><testcase classname="tests.test_fixed_voucher_and_gallery.TestGalleryManagement" name="test_gallery_auth_required" time="0.328" /><testcase classname="tests.test_fixed_voucher_and_gallery.TestGalleryTabInAdmin" name="test_gallery_tab_in_tabs_list" time="0.000" /></testsuite></testsuites>