<?xml version="1.0" encoding="utf-8"?><testsuites name="pytest tests"><testsuite name="pytest" errors="0" failures="0" skipped="0" tests="14" time="10.457" timestamp="2026-04-14T13:53:31.201739+00:00" hostname="agent-env-28bf20fb-45e9-42f1-a231-9952aa1492a0"><testcase classname="backend.tests.test_gallery_email_features.TestAdminAuth" name="test_admin_login_success" time="0.160" /><testcase classname="backend.tests.test_gallery_email_features.TestGalleryUploadBase64" name="test_gallery_upload_returns_base64_url" time="0.328" /><testcase classname="backend.tests.test_gallery_email_features.TestGalleryUploadBase64" name="test_gallery_upload_requires_auth" time="0.188" /><testcase classname="backend.tests.test_gallery_email_features.TestGalleryUploadBase64" name="test_gallery_upload_rejects_invalid_type" time="0.222" /><testcase classname="backend.tests.test_gallery_email_features.TestGalleryProjectsBase64" name="test_create_gallery_project_with_base64_images" time="0.697" /><testcase classname="backend.tests.test_gallery_email_features.TestGalleryProjectsBase64" name="test_get_gallery_projects_returns_base64_urls" time="0.620" /><testcase classname="backend.tests.test_gallery_email_features.TestBookingStatusEmails" name="test_status_update_confirmed_returns_success" time="0.701" /><testcase classname="backend.tests.test_gallery_email_features.TestBookingStatusEmails" name="test_status_update_completed_returns_success" time="1.100" /><testcase classname="backend.tests.test_gallery_email_features.TestBookingStatusEmails" name="test_status_update_cancelled_returns_success" time="0.609" /><testcase classname="backend.tests.test_gallery_email_features.TestBookingStatusEmails" name="test_status_update_invalid_status_rejected" time="0.318" /><testcase classname="backend.tests.test_gallery_email_features.TestBookingStatusEmails" name="test_status_update_nonexistent_booking" time="0.161" /><testcase classname="backend.tests.test_gallery_email_features.TestContactFormAutoReply" name="test_contact_form_success" time="1.269" /><testcase classname="backend.tests.test_gallery_email_features.TestContactFormAutoReply" name="test_contact_form_saved_to_db" time="1.110" /><testcase classname="backend.tests.test_gallery_email_features.TestEmailTemplates" name="test_email_templates_defined" time="2.916" /></testsuite></testsuites>