<?xml version="1.0" encoding="utf-8"?><testsuites name="pytest tests"><testsuite name="pytest" errors="0" failures="0" skipped="0" tests="11" time="3.531" timestamp="2026-03-02T21:55:25.686478+00:00" hostname="agent-env-28bf20fb-45e9-42f1-a231-9952aa1492a0"><testcase classname="tests.test_voucher_and_payment.TestAPIHealth" name="test_api_root" time="0.160" /><testcase classname="tests.test_voucher_and_payment.TestVoucherEndpoints" name="test_get_voucher_testpoukaz" time="0.152" /><testcase classname="tests.test_voucher_and_payment.TestVoucherEndpoints" name="test_get_invalid_voucher" time="0.144" /><testcase classname="tests.test_voucher_and_payment.TestVoucherEndpoints" name="test_claim_voucher_testpoukaz" time="0.091" /><testcase classname="tests.test_voucher_and_payment.TestVoucherEndpoints" name="test_claim_invalid_voucher" time="0.113" /><testcase classname="tests.test_voucher_and_payment.TestStripeDepositEndpoints" name="test_create_deposit_session" time="0.674" /><testcase classname="tests.test_voucher_and_payment.TestStripeDepositEndpoints" name="test_get_deposit_status" time="0.788" /><testcase classname="tests.test_voucher_and_payment.TestStripeDepositEndpoints" name="test_get_invalid_session_status" time="0.266" /><testcase classname="tests.test_voucher_and_payment.TestBookingWithVoucher" name="test_create_booking_with_voucher" time="0.832" /><testcase classname="tests.test_voucher_and_payment.TestPriceCalculation" name="test_calculate_price_lawn_mowing" time="0.140" /><testcase classname="tests.test_voucher_and_payment.TestPriceCalculation" name="test_calculate_price_with_condition_multiplier" time="0.109" /></testsuite></testsuites>