<?xml version="1.0" encoding="utf-8"?><testsuites name="pytest tests"><testsuite name="pytest" errors="0" failures="0" skipped="0" tests="12" time="7.542" timestamp="2026-04-14T16:27:53.449912+00:00" hostname="agent-env-28bf20fb-45e9-42f1-a231-9952aa1492a0"><testcase classname="backend.tests.test_iteration_21.TestAdminAuth" name="test_admin_login_success" time="0.279" /><testcase classname="backend.tests.test_iteration_21.TestAdminAuth" name="test_admin_login_wrong_password" time="0.142" /><testcase classname="backend.tests.test_iteration_21.TestGalleryUpload" name="test_gallery_upload_returns_base64_data_url" time="0.278" /><testcase classname="backend.tests.test_iteration_21.TestAdminCustomEmail" name="test_admin_email_endpoint_exists" time="1.519" /><testcase classname="backend.tests.test_iteration_21.TestAdminCustomEmail" name="test_admin_email_requires_auth" time="1.055" /><testcase classname="backend.tests.test_iteration_21.TestAdminCustomEmail" name="test_admin_email_invalid_booking" time="0.261" /><testcase classname="backend.tests.test_iteration_21.TestBookingFlow" name="test_create_booking_with_property_size" time="0.893" /><testcase classname="backend.tests.test_iteration_21.TestBookingFlow" name="test_create_booking_land_clearing_with_condition" time="0.858" /><testcase classname="backend.tests.test_iteration_21.TestBookingFlow" name="test_create_booking_zero_property_size_allowed" time="0.845" /><testcase classname="backend.tests.test_iteration_21.TestAdminBookings" name="test_admin_bookings_list" time="0.279" /><testcase classname="backend.tests.test_iteration_21.TestAdminBookings" name="test_admin_bookings_show_po_obhlidce_for_zero_price" time="0.963" /><testcase classname="backend.tests.test_iteration_21.TestPricingCalculation" name="test_pricing_endpoint_exists" time="0.104" /></testsuite></testsuites>