<?xml version="1.0" encoding="utf-8"?><testsuites name="pytest tests"><testsuite name="pytest" errors="0" failures="0" skipped="0" tests="23" time="4.454" timestamp="2026-03-29T19:27:40.511255+00:00" hostname="agent-env-28bf20fb-45e9-42f1-a231-9952aa1492a0"><testcase classname="backend.tests.test_booking_flow_no_stripe.TestPricingCalculation" name="test_lawn_mowing_100m2_returns_price" time="0.289" /><testcase classname="backend.tests.test_booking_flow_no_stripe.TestPricingCalculation" name="test_lawn_mowing_300m2_higher_than_100m2" time="0.099" /><testcase classname="backend.tests.test_booking_flow_no_stripe.TestPricingCalculation" name="test_overgrown_condition_higher_price" time="0.084" /><testcase classname="backend.tests.test_booking_flow_no_stripe.TestPricingCalculation" name="test_garden_work_hourly_pricing" time="0.042" /><testcase classname="backend.tests.test_booking_flow_no_stripe.TestPricingCalculation" name="test_mulching_additional_service" time="0.092" /><testcase classname="backend.tests.test_booking_flow_no_stripe.TestBookingCreation" name="test_create_booking_returns_id" time="0.716" /><testcase classname="backend.tests.test_booking_flow_no_stripe.TestBookingCreation" name="test_booking_stored_in_db" time="0.755" /><testcase classname="backend.tests.test_booking_flow_no_stripe.TestBookingCreation" name="test_booking_with_coupon_code" time="0.665" /><testcase classname="backend.tests.test_booking_flow_no_stripe.TestBookingCreation" name="test_booking_missing_required_fields_returns_422" time="0.048" /><testcase classname="backend.tests.test_booking_flow_no_stripe.TestBookingCreation" name="test_booking_invalid_email_returns_422" time="0.043" /><testcase classname="backend.tests.test_booking_flow_no_stripe.TestCouponSystem" name="test_admin_create_coupon" time="0.054" /><testcase classname="backend.tests.test_booking_flow_no_stripe.TestCouponSystem" name="test_validate_valid_coupon" time="0.094" /><testcase classname="backend.tests.test_booking_flow_no_stripe.TestCouponSystem" name="test_validate_invalid_coupon_returns_404" time="0.043" /><testcase classname="backend.tests.test_booking_flow_no_stripe.TestVoucherSystem" name="test_create_percentage_voucher" time="0.064" /><testcase classname="backend.tests.test_booking_flow_no_stripe.TestVoucherSystem" name="test_create_fixed_amount_voucher" time="0.042" /><testcase classname="backend.tests.test_booking_flow_no_stripe.TestVoucherSystem" name="test_get_voucher_by_code" time="0.084" /><testcase classname="backend.tests.test_booking_flow_no_stripe.TestVoucherSystem" name="test_claim_voucher" time="0.093" /><testcase classname="backend.tests.test_booking_flow_no_stripe.TestVoucherSystem" name="test_nonexistent_voucher_returns_404" time="0.045" /><testcase classname="backend.tests.test_booking_flow_no_stripe.TestAdminOrderManagement" name="test_admin_get_bookings" time="0.045" /><testcase classname="backend.tests.test_booking_flow_no_stripe.TestAdminOrderManagement" name="test_admin_update_booking_status" time="0.813" /><testcase classname="backend.tests.test_booking_flow_no_stripe.TestAdminOrderManagement" name="test_admin_stats" time="0.059" /><testcase classname="backend.tests.test_booking_flow_no_stripe.TestHealthCheck" name="test_api_health" time="0.044" /><testcase classname="backend.tests.test_booking_flow_no_stripe.TestHealthCheck" name="test_api_root" time="0.056" /></testsuite></testsuites>