<?xml version="1.0" encoding="utf-8"?><testsuites name="pytest tests"><testsuite name="pytest" errors="0" failures="0" skipped="0" tests="7" time="3.729" timestamp="2026-03-29T19:57:00.882293+00:00" hostname="agent-env-28bf20fb-45e9-42f1-a231-9952aa1492a0"><testcase classname="backend.tests.test_custom_order.TestCustomOrderBooking" name="test_create_custom_order_booking" time="0.872" /><testcase classname="backend.tests.test_custom_order.TestCustomOrderBooking" name="test_custom_order_booking_persisted" time="1.099" /><testcase classname="backend.tests.test_custom_order.TestStandardBookingRegression" name="test_standard_lawn_mowing_booking" time="0.659" /><testcase classname="backend.tests.test_custom_order.TestStandardBookingRegression" name="test_price_calculation_lawn_mowing" time="0.126" /><testcase classname="backend.tests.test_custom_order.TestStandardBookingRegression" name="test_price_calculation_with_condition" time="0.108" /><testcase classname="backend.tests.test_custom_order.TestCouponSystem" name="test_validate_invalid_coupon" time="0.115" /><testcase classname="backend.tests.test_custom_order.TestServiceNames" name="test_custom_order_in_service_names" time="0.703" /></testsuite></testsuites>